sample.interval=20000
"Climb" "FromDataFrameTable" "prof.tree" 
"<Anonymous>" "<Anonymous>" "<Anonymous>" "<Anonymous>" "<Anonymous>" "<Anonymous>" "<Anonymous>" "<Anonymous>" "<Anonymous>" "FromDataFrameTable" "prof.tree" 
"<Anonymous>" "isRoot" "<Anonymous>" "<Anonymous>" "<Anonymous>" "FromDataFrameTable" "prof.tree" 
"list2env2" "Node$new" "mynode$AddChild" "FromDataFrameTable" "prof.tree" 
"Climb" "FromDataFrameTable" "prof.tree" 
"lapply" "get_envname" "fun" "Do" "tree$Do" "prof.tree" 
"methodsPackageMetaName" "classMetaName" "getClassDef" "is" "<Anonymous>" "changeName" "<Anonymous>" "fun" "Do" "tree$Do" "prof.tree" 
"vapply" "node$clone" ".Clone" "FUN" "lapply" ".Clone" "FUN" "lapply" ".Clone" "Clone" "as.data.frame.Node" "as.data.frame" "ToDataFrameTree" "print.Node" "NextMethod" "print.ProfTree" "print" 
"FUN" "lapply" "assign_func_envs" "node$clone" ".Clone" "FUN" "lapply" ".Clone" "FUN" "lapply" ".Clone" "FUN" "lapply" ".Clone" "FUN" "lapply" ".Clone" "FUN" "lapply" ".Clone" "FUN" "lapply" ".Clone" "FUN" "lapply" ".Clone" "FUN" "lapply" ".Clone" "FUN" "lapply" ".Clone" "FUN" "lapply" ".Clone" "FUN" "lapply" ".Clone" "Clone" "as.data.frame.Node" "as.data.frame" "ToDataFrameTree" "print.Node" "NextMethod" "print.ProfTree" "print" 
"makeActiveBinding" "node$clone" ".Clone" "FUN" "lapply" ".Clone" "FUN" "lapply" ".Clone" "FUN" "lapply" ".Clone" "FUN" "lapply" ".Clone" "FUN" "lapply" ".Clone" "FUN" "lapply" ".Clone" "Clone" "as.data.frame.Node" "as.data.frame" "ToDataFrameTree" "print.Node" "NextMethod" "print.ProfTree" "print" 
"is.null" "isRoot" "<Anonymous>" "<Anonymous>" ".separator" "paste0" "<Anonymous>" "GetAttribute" "FUN" "lapply" "sapply" "Get" "format" "data.frame" "as.data.frame.Node" "as.data.frame" "ToDataFrameTree" "print.Node" "NextMethod" "print.ProfTree" "print" 
"is.null" "GetAttribute" "FUN" "lapply" "sapply" "Get" "Get" "as.data.frame.Node" "as.data.frame" "ToDataFrameTree" "print.Node" "NextMethod" "print.ProfTree" "print" 
"<Anonymous>" "Traverse" "Traverse" "Traverse" "Traverse" "Traverse" "Traverse" "Traverse" "Traverse" "Traverse" "Traverse" "Traverse" "node$Get" "AreNamesUnique" "ToGraphViz" "plot.Node" "plot" 
"<Anonymous>" "isRoot" "<Anonymous>" "GetObjectAttribute" "GetObjectAttribute" "GetObjectAttribute" "GetObjectAttribute" "GetObjectAttribute" "GetObjectAttribute" "GetAttribute" "FUN" "lapply" "sapply" "Get" "ToGraphViz" "plot.Node" "plot" 
"GetObjectAttribute" "GetAttribute" "FUN" "lapply" "sapply" "Get" "Get" "ToGraphViz" "plot.Node" "plot" 
"paste0" "GetStyle" "GetStyle" "GetStyle" "GetStyle" "attribute" "GetAttribute" "FUN" "lapply" "sapply" "Get" "ToGraphViz" "plot.Node" "plot" 
"GetStyle" "GetStyle" "GetStyle" "GetStyle" "GetStyle" "GetStyle" "attribute" "GetAttribute" "FUN" "lapply" "sapply" "Get" "ToGraphViz" "plot.Node" "plot" 
"$" "GetObjectAttribute" "GetAttribute" "FUN" "lapply" "sapply" "Get" "Get" "ToGraphViz" "plot.Node" "plot" 
"isRoot" "<Anonymous>" "GetStyle" "GetStyle" "GetStyle" "GetStyle" "GetStyle" "GetStyle" "GetStyle" "attribute" "GetAttribute" "FUN" "lapply" "sapply" "Get" "ToGraphViz" "plot.Node" "plot" 
"GetStyle" "GetStyle" "attribute" "GetAttribute" "FUN" "lapply" "sapply" "Get" "ToGraphViz" "plot.Node" "plot" 
"GetObjectAttribute" "GetAttribute" "FUN" "lapply" "sapply" "Get" "Get" "ToGraphViz" "plot.Node" "plot" 
"isRoot" "<Anonymous>" "GetObjectAttribute" "GetObjectAttribute" "GetObjectAttribute" "GetObjectAttribute" "GetObjectAttribute" "GetObjectAttribute" "GetObjectAttribute" "GetObjectAttribute" "GetObjectAttribute" "GetObjectAttribute" "GetAttribute" "FUN" "lapply" "sapply" "Get" "Get" "ToGraphViz" "plot.Node" "plot" 
"$" "GetStyle" "GetStyle" "attribute" "GetAttribute" "FUN" "lapply" "sapply" "Get" "ToGraphViz" "plot.Node" "plot" 
"is.null" "isRoot" "<Anonymous>" "GetObjectAttribute" "GetObjectAttribute" "GetObjectAttribute" "GetObjectAttribute" "GetObjectAttribute" "GetObjectAttribute" "GetAttribute" "FUN" "lapply" "sapply" "Get" "Get" "root$Get" "lapply" "sapply" "unlist" "unique" "ToGraphViz" "plot.Node" "plot" 
"isRoot" "<Anonymous>" "<Anonymous>" "<Anonymous>" "<Anonymous>" "<Anonymous>" "<Anonymous>" "<Anonymous>" "<Anonymous>" "<Anonymous>" "<Anonymous>" "<Anonymous>" "attribute" "GetAttribute" "FUN" "lapply" "sapply" "Get" "order" "Traverse" "ToDataFrameNetwork" "do.call" "ToGraphViz" "plot.Node" "plot" 
"<Anonymous>" "<Anonymous>" "<Anonymous>" "<Anonymous>" "<Anonymous>" "<Anonymous>" "<Anonymous>" "<Anonymous>" "<Anonymous>" "paste" "<Anonymous>" "GetName" "attribute" "GetAttribute" "FUN" "lapply" "sapply" "Get" "ToDataFrameNetwork" "do.call" "ToGraphViz" "plot.Node" "plot" 
"GetAttribute" "FUN" "lapply" "sapply" "Get" "ToDataFrameNetwork" "do.call" "ToGraphViz" "plot.Node" "plot" 
"<Anonymous>" "isRoot" "<Anonymous>" "<Anonymous>" "<Anonymous>" "<Anonymous>" "attribute" "GetAttribute" "FUN" "lapply" "sapply" "Get" "order" "Traverse" "as.data.frame.Node" "as.data.frame" "ToDataFrameTree" "ToDataFrameNetwork" "do.call" "ToGraphViz" "plot.Node" "plot" 
"$" "GetObjectAttribute" "GetObjectAttribute" "GetObjectAttribute" "GetObjectAttribute" "GetAttribute" "FUN" "lapply" "sapply" "Get" "format" "data.frame" "as.data.frame.Node" "as.data.frame" "ToDataFrameTree" "ToDataFrameNetwork" "do.call" "ToGraphViz" "plot.Node" "plot" 
"$" "isRoot" "<Anonymous>" "<Anonymous>" ".parentSeparator" "paste0" ".parentSeparator" "paste0" ".parentSeparator" "paste0" ".parentSeparator" "paste0" ".separator" "paste0" "<Anonymous>" "GetAttribute" "FUN" "lapply" "sapply" "Get" "format" "data.frame" "as.data.frame.Node" "as.data.frame" "ToDataFrameTree" "ToDataFrameNetwork" "do.call" "ToGraphViz" "plot.Node" "plot" 
"<Anonymous>" "isRoot" "<Anonymous>" "GetObjectAttribute" "GetObjectAttribute" "GetObjectAttribute" "GetObjectAttribute" "GetObjectAttribute" "GetObjectAttribute" "GetObjectAttribute" "GetObjectAttribute" "GetObjectAttribute" "GetObjectAttribute" "GetObjectAttribute" "GetAttribute" "FUN" "lapply" "sapply" "Get" "Get" "format" "data.frame" "as.data.frame.Node" "as.data.frame" "ToDataFrameTree" "ToDataFrameNetwork" "do.call" "ToGraphViz" "plot.Node" "plot" 
"<Anonymous>" "GetObjectAttribute" "GetObjectAttribute" "GetObjectAttribute" "GetObjectAttribute" "GetObjectAttribute" "GetObjectAttribute" "GetObjectAttribute" "GetObjectAttribute" "GetAttribute" "FUN" "lapply" "sapply" "Get" "Get" "as.data.frame.Node" "as.data.frame" "ToDataFrameTree" "ToDataFrameNetwork" "do.call" "ToGraphViz" "plot.Node" "plot" 
"$" "GetObjectAttribute" "GetObjectAttribute" "GetObjectAttribute" "GetObjectAttribute" "GetObjectAttribute" "GetObjectAttribute" "GetObjectAttribute" "GetObjectAttribute" "GetObjectAttribute" "GetAttribute" "FUN" "lapply" "sapply" "Get" "Get" "as.data.frame.Node" "as.data.frame" "ToDataFrameTree" "ToDataFrameNetwork" "do.call" "ToGraphViz" "plot.Node" "plot" 
"paste0" "create_graph" "ToGraphViz" "plot.Node" "plot" 
"%in%" "[.data.frame" "[" "create_graph" "ToGraphViz" "plot.Node" "plot" 
"cleannames" "deparse_vector" ".local" "FUN" "standardGeneric" "FUN" "vapply" ".local" "asJSON" "standardGeneric" "asJSON" ".local" "asJSON" "standardGeneric" "asJSON" "jsonlite::toJSON" "toJSON2" "toJSON" "tag" "tags$script" "htmltools::tagList" "toHTML" "as.tags.htmlwidget" "htmltools::as.tags" "inherits" "isTag" "rewriteTags" "tagify" "renderTags" "save_html" "html_print" "print.htmlwidget" "<Anonymous>" 
"dropNullsOrEmpty" "FUN" "lapply" "tagWrite" "tryCatchList" "tryCatch" "doRenderTags" "renderTags" "save_html" "html_print" "print.htmlwidget" "<Anonymous>" 
"file.append" "file.copy" "<Anonymous>" "mapply" "copyDependencyToDir" "FUN" "lapply" "save_html" "html_print" "print.htmlwidget" "<Anonymous>" 
"file.append" "file.copy" "<Anonymous>" "mapply" "copyDependencyToDir" "FUN" "lapply" "save_html" "html_print" "print.htmlwidget" "<Anonymous>" 
"dir.create" "copyDependencyToDir" "FUN" "lapply" "save_html" "html_print" "print.htmlwidget" "<Anonymous>" 
"file.append" "file.copy" "<Anonymous>" "mapply" "copyDependencyToDir" "FUN" "lapply" "save_html" "html_print" "print.htmlwidget" "<Anonymous>" 
"file.append" "file.copy" "<Anonymous>" "mapply" "copyDependencyToDir" "FUN" "lapply" "save_html" "html_print" "print.htmlwidget" "<Anonymous>" 
"file.append" "file.copy" "<Anonymous>" "mapply" "copyDependencyToDir" "FUN" "lapply" "save_html" "html_print" "print.htmlwidget" "<Anonymous>" 
"file.append" "file.copy" "<Anonymous>" "mapply" "copyDependencyToDir" "FUN" "lapply" "save_html" "html_print" "print.htmlwidget" "<Anonymous>" 
"file.append" "file.copy" "<Anonymous>" "mapply" "copyDependencyToDir" "FUN" "lapply" "save_html" "html_print" "print.htmlwidget" "<Anonymous>" 
"file.append" "file.copy" "<Anonymous>" "mapply" "copyDependencyToDir" "FUN" "lapply" "save_html" "html_print" "print.htmlwidget" "<Anonymous>" 
"file.append" "file.copy" "<Anonymous>" "mapply" "copyDependencyToDir" "FUN" "lapply" "save_html" "html_print" "print.htmlwidget" "<Anonymous>" 
"file.append" "file.copy" "<Anonymous>" "mapply" "copyDependencyToDir" "FUN" "lapply" "save_html" "html_print" "print.htmlwidget" "<Anonymous>" 
"file.append" "file.copy" "<Anonymous>" "mapply" "copyDependencyToDir" "FUN" "lapply" "save_html" "html_print" "print.htmlwidget" "<Anonymous>" 
"file.append" "file.copy" "<Anonymous>" "mapply" "copyDependencyToDir" "FUN" "lapply" "save_html" "html_print" "print.htmlwidget" "<Anonymous>" 
"file.append" "file.copy" "<Anonymous>" "mapply" "copyDependencyToDir" "FUN" "lapply" "save_html" "html_print" "print.htmlwidget" "<Anonymous>" 
"file.append" "file.copy" "<Anonymous>" "mapply" "copyDependencyToDir" "FUN" "lapply" "save_html" "html_print" "print.htmlwidget" "<Anonymous>" 
"file.append" "file.copy" "<Anonymous>" "mapply" "copyDependencyToDir" "FUN" "lapply" "save_html" "html_print" "print.htmlwidget" "<Anonymous>" 
"file.append" "file.copy" "<Anonymous>" "mapply" "copyDependencyToDir" "FUN" "lapply" "save_html" "html_print" "print.htmlwidget" "<Anonymous>" 
"file.append" "file.copy" "<Anonymous>" "mapply" "copyDependencyToDir" "FUN" "lapply" "save_html" "html_print" "print.htmlwidget" "<Anonymous>" 
"file.append" "file.copy" "<Anonymous>" "mapply" "copyDependencyToDir" "FUN" "lapply" "save_html" "html_print" "print.htmlwidget" "<Anonymous>" 
"file.append" "file.copy" "<Anonymous>" "mapply" "copyDependencyToDir" "FUN" "lapply" "save_html" "html_print" "print.htmlwidget" "<Anonymous>" 
"file.append" "file.copy" "<Anonymous>" "mapply" "copyDependencyToDir" "FUN" "lapply" "save_html" "html_print" "print.htmlwidget" "<Anonymous>" 
"file.append" "file.copy" "<Anonymous>" "mapply" "copyDependencyToDir" "FUN" "lapply" "save_html" "html_print" "print.htmlwidget" "<Anonymous>" 
"file.append" "file.copy" "<Anonymous>" "mapply" "copyDependencyToDir" "FUN" "lapply" "save_html" "html_print" "print.htmlwidget" "<Anonymous>" 
"file.append" "file.copy" "<Anonymous>" "mapply" "copyDependencyToDir" "FUN" "lapply" "save_html" "html_print" "print.htmlwidget" "<Anonymous>" 
"file.append" "file.copy" "<Anonymous>" "mapply" "copyDependencyToDir" "FUN" "lapply" "save_html" "html_print" "print.htmlwidget" "<Anonymous>" 
"file.append" "file.copy" "<Anonymous>" "mapply" "copyDependencyToDir" "FUN" "lapply" "save_html" "html_print" "print.htmlwidget" "<Anonymous>" 
"file.append" "file.copy" "<Anonymous>" "mapply" "copyDependencyToDir" "FUN" "lapply" "save_html" "html_print" "print.htmlwidget" "<Anonymous>" 
"file.append" "file.copy" "<Anonymous>" "mapply" "copyDependencyToDir" "FUN" "lapply" "save_html" "html_print" "print.htmlwidget" "<Anonymous>" 
"file.append" "file.copy" "<Anonymous>" "mapply" "copyDependencyToDir" "FUN" "lapply" "save_html" "html_print" "print.htmlwidget" "<Anonymous>" 
"file.append" "file.copy" "<Anonymous>" "mapply" "copyDependencyToDir" "FUN" "lapply" "save_html" "html_print" "print.htmlwidget" "<Anonymous>" 
"file.append" "file.copy" "<Anonymous>" "mapply" "copyDependencyToDir" "FUN" "lapply" "save_html" "html_print" "print.htmlwidget" "<Anonymous>" 
"file.append" "file.copy" "<Anonymous>" "mapply" "copyDependencyToDir" "FUN" "lapply" "save_html" "html_print" "print.htmlwidget" "<Anonymous>" 
"file.append" "file.copy" "<Anonymous>" "mapply" "copyDependencyToDir" "FUN" "lapply" "save_html" "html_print" "print.htmlwidget" "<Anonymous>" 
"file.append" "file.copy" "<Anonymous>" "mapply" "copyDependencyToDir" "FUN" "lapply" "save_html" "html_print" "print.htmlwidget" "<Anonymous>" 
"file.append" "file.copy" "<Anonymous>" "mapply" "copyDependencyToDir" "FUN" "lapply" "save_html" "html_print" "print.htmlwidget" "<Anonymous>" 
"file.append" "file.copy" "<Anonymous>" "mapply" "copyDependencyToDir" "FUN" "lapply" "save_html" "html_print" "print.htmlwidget" "<Anonymous>" 
"file.append" "file.copy" "<Anonymous>" "mapply" "copyDependencyToDir" "FUN" "lapply" "save_html" "html_print" "print.htmlwidget" "<Anonymous>" 
"file.append" "file.copy" "<Anonymous>" "mapply" "copyDependencyToDir" "FUN" "lapply" "save_html" "html_print" "print.htmlwidget" "<Anonymous>" 
"file.append" "file.copy" "<Anonymous>" "mapply" "copyDependencyToDir" "FUN" "lapply" "save_html" "html_print" "print.htmlwidget" "<Anonymous>" 
"file.append" "file.copy" "<Anonymous>" "mapply" "copyDependencyToDir" "FUN" "lapply" "save_html" "html_print" "print.htmlwidget" "<Anonymous>" 
"file.append" "file.copy" "<Anonymous>" "mapply" "copyDependencyToDir" "FUN" "lapply" "save_html" "html_print" "print.htmlwidget" "<Anonymous>" 
"file.append" "file.copy" "<Anonymous>" "mapply" "copyDependencyToDir" "FUN" "lapply" "save_html" "html_print" "print.htmlwidget" "<Anonymous>" 
"file.append" "file.copy" "<Anonymous>" "mapply" "copyDependencyToDir" "FUN" "lapply" "save_html" "html_print" "print.htmlwidget" "<Anonymous>" 
"file.append" "file.copy" "<Anonymous>" "mapply" "copyDependencyToDir" "FUN" "lapply" "save_html" "html_print" "print.htmlwidget" "<Anonymous>" 
"file.append" "file.copy" "<Anonymous>" "mapply" "copyDependencyToDir" "FUN" "lapply" "save_html" "html_print" "print.htmlwidget" "<Anonymous>" 
"file.append" "file.copy" "<Anonymous>" "mapply" "copyDependencyToDir" "FUN" "lapply" "save_html" "html_print" "print.htmlwidget" "<Anonymous>" 
"close.connection" "close" "writeLines" "save_html" "html_print" "print.htmlwidget" "<Anonymous>" 
"doTryCatch" "tryCatchOne" "tryCatchList" "tryCatch" "ls" "lapply" "<Anonymous>" 
"doTryCatch" "tryCatchOne" "tryCatchList" "tryCatch" "ls" "lapply" "<Anonymous>" 
"doTryCatch" "tryCatchOne" "tryCatchList" "tryCatch" "ls" "lapply" "<Anonymous>" 
"doTryCatch" "tryCatchOne" "tryCatchList" "tryCatch" "ls" "lapply" "<Anonymous>" 
"doTryCatch" "tryCatchOne" "tryCatchList" "tryCatch" "ls" "lapply" "<Anonymous>" 
"doTryCatch" "tryCatchOne" "tryCatchList" "tryCatch" "ls" "lapply" "<Anonymous>" 
"doTryCatch" "tryCatchOne" "tryCatchList" "tryCatch" "ls" "lapply" "<Anonymous>" 
"doTryCatch" "tryCatchOne" "tryCatchList" "tryCatch" "ls" "lapply" "<Anonymous>" 
"doTryCatch" "tryCatchOne" "tryCatchList" "tryCatch" "ls" "lapply" "<Anonymous>" 
